TN:
SF:/Users/vladilen/WebstormProjects/angular-unit-tests/src/polyfills.ts
FNF:0
FNH:0
LF:0
LH:0
BRF:0
BRH:0
end_of_record
TN:
SF:/Users/vladilen/WebstormProjects/angular-unit-tests/src/test.ts
FNF:0
FNH:0
DA:13,1
DA:18,1
DA:20,1
LF:3
LH:3
BRF:0
BRH:0
end_of_record
TN:
SF:/Users/vladilen/WebstormProjects/angular-unit-tests/src/app/counter/counter.component.ts
FN:12,(anonymous_0)
FN:21,(anonymous_1)
FN:26,(anonymous_2)
FNF:3
FNH:3
FNDA:5,(anonymous_0)
FNDA:2,(anonymous_1)
FNDA:1,(anonymous_2)
DA:8,1
DA:9,5
DA:12,5
DA:13,5
DA:19,6
DA:22,2
DA:23,2
DA:27,1
LF:8
LH:8
BRF:0
BRH:0
end_of_record
TN:
SF:/Users/vladilen/WebstormProjects/angular-unit-tests/src/app/playground/compute.ts
FN:1,compute
FNF:1
FNH:1
FNDA:2,compute
DA:2,2
DA:3,1
DA:6,1
LF:3
LH:3
BRDA:2,0,0,1
BRDA:2,0,1,1
BRF:2
BRH:2
end_of_record
TN:
SF:/Users/vladilen/WebstormProjects/angular-unit-tests/src/app/playground/countries.ts
FN:1,countries
FNF:1
FNH:1
FNDA:1,countries
DA:2,1
LF:1
LH:1
BRF:0
BRH:0
end_of_record
TN:
SF:/Users/vladilen/WebstormProjects/angular-unit-tests/src/app/playground/greet.ts
FN:1,greet
FNF:1
FNH:1
FNDA:1,greet
DA:2,1
LF:1
LH:1
BRF:0
BRH:0
end_of_record
TN:
SF:/Users/vladilen/WebstormProjects/angular-unit-tests/src/app/posts/posts.component.ts
FN:12,(anonymous_0)
FN:15,(anonymous_1)
FN:16,(anonymous_2)
FN:21,(anonymous_3)
FN:23,(anonymous_4)
FN:25,(anonymous_5)
FN:28,(anonymous_6)
FNF:7
FNH:7
FNDA:6,(anonymous_0)
FNDA:2,(anonymous_1)
FNDA:1,(anonymous_2)
FNDA:2,(anonymous_3)
FNDA:1,(anonymous_4)
FNDA:1,(anonymous_5)
FNDA:2,(anonymous_6)
DA:8,1
DA:9,6
DA:12,6
DA:16,2
DA:17,1
DA:22,2
DA:23,2
DA:24,1
DA:25,1
DA:29,2
DA:30,1
LF:11
LH:11
BRDA:29,0,0,1
BRDA:29,0,1,1
BRF:2
BRH:2
end_of_record
TN:
SF:/Users/vladilen/WebstormProjects/angular-unit-tests/src/app/posts/posts.service.ts
FN:7,(anonymous_0)
FN:9,(anonymous_1)
FN:13,(anonymous_2)
FN:17,(anonymous_3)
FNF:4
FNH:1
FNDA:6,(anonymous_0)
FNDA:0,(anonymous_1)
FNDA:0,(anonymous_2)
FNDA:0,(anonymous_3)
DA:6,1
DA:7,6
DA:10,0
DA:14,0
DA:18,0
LF:5
LH:2
BRF:0
BRH:0
end_of_record
